Express server listening on port 8888
[90mGET / [32m200 [90m111ms - 5.51kb[0m
[90mGET /bootstrap/css/bootstrap.css [33m404 [90m46ms[0m
[90mGET /font-face.css [33m404 [90m38ms[0m
[90mGET /main.css [33m404 [90m43ms[0m
[90mGET /bootstrap/js/jquery.js [33m404 [90m15ms[0m
[90mGET /bootstrap/js/bootstrap.min.js [33m404 [90m16ms[0m
[90mGET /img/jbc_logo.png [33m404 [90m18ms[0m
[90mGET /bootstrap/js/bootstrap.min.js [33m404 [90m7ms[0m
[90mGET / [32m200 [90m27ms - 5.51kb[0m
[90mGET /bootstrap/css/bootstrap.css [33m404 [90m38ms[0m
[90mGET /font-face.css [33m404 [90m37ms[0m
[90mGET /main.css [33m404 [90m36ms[0m
[90mGET /bootstrap/js/jquery.js [33m404 [90m23ms[0m
[90mGET /bootstrap/js/bootstrap.min.js [33m404 [90m23ms[0m
[90mGET /img/jbc_logo.png [33m404 [90m21ms[0m
[90mGET /bootstrap/js/bootstrap.min.js [33m404 [90m14ms[0m
[90mGET /stylesheets/main.css [32m200 [90m177ms - 289b[0m
[90mGET /stylesheets/style.css [32m200 [90m6983ms - 143.31kb[0m
[90mGET / [36m304 [90m12ms[0m
[90mGET /bootstrap/css/bootstrap.css [33m404 [90m17ms[0m
[90mGET /font-face.css [33m404 [90m14ms[0m
[90mGET /main.css [33m404 [90m15ms[0m
[90mGET /bootstrap/js/jquery.js [33m404 [90m12ms[0m
[90mGET /bootstrap/js/bootstrap.min.js [33m404 [90m13ms[0m
[90mGET /img/jbc_logo.png [33m404 [90m14ms[0m
[90mGET / [32m200 [90m12ms - 5.51kb[0m
[90mGET /bootstrap/css/bootstrap.css [33m404 [90m6ms[0m
[90mGET /font-face.css [33m404 [90m13ms[0m
[90mGET /main.css [33m404 [90m11ms[0m
[90mGET /bootstrap/js/jquery.js [33m404 [90m9ms[0m
[90mGET /bootstrap/js/bootstrap.min.js [33m404 [90m9ms[0m
[90mGET /img/jbc_logo.png [33m404 [90m10ms[0m
[90mGET /bootstrap/js/bootstrap.min.js [33m404 [90m3ms[0m
[90mGET /stylesheets/style.css [36m304 [90m35ms[0m
[90mGET / [36m304 [90m10ms[0m
[90mGET /font-face.css [33m404 [90m14ms[0m
[90mGET /main.css [33m404 [90m11ms[0m
[90mGET /bootstrap/css/bootstrap.css [33m404 [90m13ms[0m
[90mGET /bootstrap/js/jquery.js [33m404 [90m10ms[0m
[90mGET /bootstrap/js/bootstrap.min.js [33m404 [90m8ms[0m
[90mGET /img/jbc_logo.png [33m404 [90m9ms[0m
[90mGET / [32m200 [90m14ms - 5.5kb[0m
[90mGET /font-face.css [33m404 [90m45ms[0m
[90mGET /main.css [33m404 [90m47ms[0m
[90mGET /stylesheets/style.css [32m200 [90m158ms - 143.31kb[0m
[90mGET /bootstrap/js/jquery.js [33m404 [90m18ms[0m
[90mGET /bootstrap/js/bootstrap.min.js [33m404 [90m20ms[0m
[90mGET /img/jbc_logo.png [33m404 [90m21ms[0m
[90mGET /bootstrap/js/bootstrap.min.js [33m404 [90m14ms[0m
[90mGET /fonts/fontawesome-webfont.woff?v=3.2.1 [32m200 [90m37ms - 42.55kb[0m
[90mGET / [36m304 [90m12ms[0m
[90mGET /font-face.css [33m404 [90m48ms[0m
[90mGET /main.css [33m404 [90m50ms[0m
[90mGET /stylesheets/style.css [32m200 [90m6123ms - 144.59kb[0m
[90mGET /bootstrap/js/jquery.js [33m404 [90m24ms[0m
[90mGET /bootstrap/js/bootstrap.min.js [33m404 [90m23ms[0m
[90mGET /img/jbc_logo.png [33m404 [90m25ms[0m
[90mGET / [36m304 [90m8ms[0m
[90mGET /font-face.css [33m404 [90m71ms[0m
[90mGET /main.css [33m404 [90m73ms[0m
  [90mLESS Parse error :[0m [36mmissing opening `{`[0m
  [90mLESS File :[0m [36m/home/detrohuttssh/jbc/public/stylesheets/main.less 104:0[0m
undefined
[90mGET /stylesheets/style.css [31m500 [90m2438ms[0m
[90mGET /bootstrap/js/jquery.js [33m404 [90m15ms[0m
[90mGET /bootstrap/js/bootstrap.min.js [33m404 [90m16ms[0m
[90mGET /img/jbc_logo.png [33m404 [90m9ms[0m
[90mGET /services.html [32m200 [90m15ms - 10.6kb[0m
[90mGET /bootstrap/css/bootstrap.css [33m404 [90m19ms[0m
[90mGET /font-face.css [33m404 [90m19ms[0m
[90mGET /main.css [33m404 [90m21ms[0m
[90mGET /bootstrap/js/jquery.js [33m404 [90m20ms[0m
[90mGET /bootstrap/js/bootstrap.min.js [33m404 [90m21ms[0m
[90mGET /img/jbc_logo.png [33m404 [90m19ms[0m
[90mGET /services.html [36m304 [90m6ms[0m
[90mGET /bootstrap/css/bootstrap.css [33m404 [90m14ms[0m
[90mGET /font-face.css [33m404 [90m17ms[0m
[90mGET /main.css [33m404 [90m17ms[0m
[90mGET /bootstrap/js/jquery.js [33m404 [90m10ms[0m
[90mGET /bootstrap/js/bootstrap.min.js [33m404 [90m9ms[0m
[90mGET /img/jbc_logo.png [33m404 [90m5ms[0m
[90mGET / [32m200 [90m14ms - 5.5kb[0m
[90mGET /font-face.css [33m404 [90m161ms[0m
[90mGET /main.css [33m404 [90m164ms[0m
  [90mLESS Parse error :[0m [36mmissing opening `{`[0m
  [90mLESS File :[0m [36m/home/detrohuttssh/jbc/public/stylesheets/main.less 104:0[0m
undefined
[90mGET /stylesheets/style.css [31m500 [90m2633ms[0m
[90mGET /bootstrap/js/jquery.js [33m404 [90m18ms[0m
[90mGET /bootstrap/js/bootstrap.min.js [33m404 [90m18ms[0m
[90mGET /images/jbc_logo.png [32m200 [90m21ms - 13kb[0m
[90mGET /bootstrap/js/bootstrap.min.js [33m404 [90m5ms[0m
[90mGET / [32m200 [90m14ms - 5.5kb[0m
[90mGET /font-face.css [33m404 [90m163ms[0m
[90mGET /main.css [33m404 [90m135ms[0m
  [90mLESS Parse error :[0m [36mmissing opening `{`[0m
  [90mLESS File :[0m [36m/home/detrohuttssh/jbc/public/stylesheets/main.less 104:0[0m
undefined
[90mGET /stylesheets/style.css [31m500 [90m2194ms[0m
[90mGET /bootstrap/js/jquery.js [33m404 [90m24ms[0m
[90mGET /bootstrap/js/bootstrap.min.js [33m404 [90m18ms[0m
[90mGET /bootstrap/js/jquery.js [33m404 [90m15ms[0m
[90mGET /images/jbc_logo.png [32m200 [90m15ms - 13kb[0m
[90mGET /services.html [36m304 [90m10ms[0m
[90mGET /bootstrap/css/bootstrap.css [33m404 [90m18ms[0m
[90mGET /font-face.css [33m404 [90m19ms[0m
[90mGET /main.css [33m404 [90m23ms[0m
[90mGET /bootstrap/js/jquery.js [33m404 [90m18ms[0m
[90mGET /bootstrap/js/bootstrap.min.js [33m404 [90m17ms[0m
[90mGET /img/jbc_logo.png [33m404 [90m16ms[0m
[90mGET /bootstrap/js/bootstrap.min.js [33m404 [90m11ms[0m
[90mGET / [32m200 [90m15ms - 5.5kb[0m
[90mGET /font-face.css [33m404 [90m137ms[0m
[90mGET /main.css [33m404 [90m186ms[0m
  [90mLESS Parse error :[0m [36mmissing opening `{`[0m
  [90mLESS File :[0m [36m/home/detrohuttssh/jbc/public/stylesheets/main.less 104:0[0m
undefined
[90mGET /stylesheets/style.css [31m500 [90m2508ms[0m
[90mGET /bootstrap/js/jquery.js [33m404 [90m17ms[0m
[90mGET /bootstrap/js/bootstrap.min.js [33m404 [90m18ms[0m
[90mGET /bootstrap/js/jquery.js [33m404 [90m17ms[0m
[90mGET /images/jbc_logo.png [36m304 [90m9ms[0m
[90mGET / [32m200 [90m13ms - 5.51kb[0m
[90mGET /font-face.css [33m404 [90m14ms[0m
[90mGET /main.css [33m404 [90m68ms[0m
  [90mLESS Parse error :[0m [36mmissing opening `{`[0m
  [90mLESS File :[0m [36m/home/detrohuttssh/jbc/public/stylesheets/main.less 104:0[0m
undefined
[90mGET /stylesheets/style.css [31m500 [90m2446ms[0m
[90mGET /javascripts/bootstrap/bootstrap.min.js [33m404 [90m39ms[0m
[90mGET / [32m200 [90m87ms - 5.51kb[0m
[90mGET /images/jbc_logo.png [36m304 [90m49ms[0m
[90mGET /font-face.css [33m404 [90m225ms[0m
[90mGET /main.css [33m404 [90m208ms[0m
[90mGET /javascripts/jquery/jquery.js [32m200 [90m2292ms - 266.8kb[0m
  [90mLESS Parse error :[0m [36mmissing opening `{`[0m
  [90mLESS File :[0m [36m/home/detrohuttssh/jbc/public/stylesheets/main.less 104:0[0m
undefined
[90mGET /stylesheets/style.css [31m500 [90m2637ms[0m
[90mGET /images/jbc_logo.png [36m304 [90m28ms[0m
[90mGET /javascripts/bootstrap/bootstrap.min.js [33m404 [90m12ms[0m
[90mGET /javascripts/jquery/jquery.js [32m200 [90m171ms - 266.8kb[0m
[90mGET /javascripts/bootstrap/bootstrap.min.js [33m404 [90m5ms[0m
[90mGET / [32m200 [90m28ms - 5.51kb[0m
[90mGET /font-face.css [33m404 [90m1917ms[0m
[90mGET /main.css [33m404 [90m1916ms[0m
  [90mLESS Parse error :[0m [36mmissing opening `{`[0m
  [90mLESS File :[0m [36m/home/detrohuttssh/jbc/public/stylesheets/main.less 104:0[0m
undefined
[90mGET /stylesheets/style.css [31m500 [90m2612ms[0m
[90mGET /javascripts/bootstrap/bootstrap.min.js [33m404 [90m26ms[0m
[90mGET /images/jbc_logo.png [32m200 [90m52ms - 13kb[0m
[90mGET /javascripts/jquery/jquery.js [32m200 [90m225ms - 266.8kb[0m
[90mGET /javascripts/bootstrap/bootstrap.min.js [33m404 [90m10ms[0m
[90mGET / [32m200 [90m16ms - 5.51kb[0m
[90mGET /font-face.css [33m404 [90m1864ms[0m
[90mGET /main.css [33m404 [90m1868ms[0m
  [90mLESS Parse error :[0m [36mmissing opening `{`[0m
  [90mLESS File :[0m [36m/home/detrohuttssh/jbc/public/stylesheets/main.less 104:0[0m
undefined
[90mGET /stylesheets/style.css [31m500 [90m2507ms[0m
[90mGET /javascripts/bootstrap/bootstrap.min.js [33m404 [90m24ms[0m
[90mGET /images/jbc_logo.png [32m200 [90m23ms - 13kb[0m
[90mGET /javascripts/jquery/jquery.js [32m200 [90m148ms - 266.8kb[0m
[90mGET /javascripts/bootstrap/bootstrap.min.js [33m404 [90m9ms[0m
[90mGET / [32m200 [90m13ms - 5.51kb[0m
[90mGET /font-face.css [33m404 [90m121ms[0m
[90mGET /main.css [33m404 [90m123ms[0m
  [90mLESS Parse error :[0m [36mmissing opening `{`[0m
  [90mLESS File :[0m [36m/home/detrohuttssh/jbc/public/stylesheets/main.less 104:0[0m
undefined
[90mGET /stylesheets/style.css [31m500 [90m2216ms[0m
[90mGET /javascripts/jquery/jquery.js [36m304 [90m36ms[0m
[90mGET /javascripts/bootstrap/bootstrap.min.js [33m404 [90m34ms[0m
[90mGET /javascripts/jquery/jquery.js [36m304 [90m37ms[0m
[90mGET /images/jbc_logo.png [36m304 [90m7ms[0m
[90mGET / [36m304 [90m5ms[0m
[90mGET /font-face.css [33m404 [90m21ms[0m
[90mGET /main.css [33m404 [90m22ms[0m
[90mGET /images/jbc_logo.png [36m304 [90m16ms[0m
  [90mLESS Parse error :[0m [36mmissing opening `{`[0m
  [90mLESS File :[0m [36m/home/detrohuttssh/jbc/public/stylesheets/main.less 104:0[0m
undefined
[90mGET /stylesheets/style.css [31m500 [90m2500ms[0m
[90mGET / [32m200 [90m497ms - 5.51kb[0m
[90mGET /font-face.css [33m404 [90m18ms[0m
[90mGET /main.css [33m404 [90m93ms[0m
[90mGET /javascripts/jquery/jquery.js [36m304 [90m30ms[0m
[90mGET /javascripts/bootstrap/bootstrap.min.js [33m404 [90m32ms[0m
  [90mLESS Parse error :[0m [36mmissing opening `{`[0m
  [90mLESS File :[0m [36m/home/detrohuttssh/jbc/public/stylesheets/main.less 104:0[0m
undefined
[90mGET /stylesheets/style.css [31m500 [90m2249ms[0m
[90mGET /javascripts/jquery/jquery.js [36m304 [90m20ms[0m
[90mGET /javascripts/bootstrap/bootstrap.min.js [33m404 [90m16ms[0m
[90mGET /javascripts/jquery/jquery.js [36m304 [90m9ms[0m
[90mGET /images/jbc_logo.png [36m304 [90m5ms[0m
[90mGET / [32m200 [90m17ms - 5.51kb[0m
[90mGET /font-face.css [33m404 [90m17ms[0m
[90mGET /main.css [33m404 [90m17ms[0m
  [90mLESS Parse error :[0m [36mmissing opening `{`[0m
  [90mLESS File :[0m [36m/home/detrohuttssh/jbc/public/stylesheets/main.less 104:0[0m
undefined
[90mGET /stylesheets/style.css [31m500 [90m2460ms[0m
[90mGET /javascripts/jquery/jquery.js [36m304 [90m27ms[0m
[90mGET /javascripts/bootstrap/bootstrap.min.js [33m404 [90m27ms[0m
[90mGET /images/jbc_logo.png [32m200 [90m43ms - 13kb[0m
[90mGET /javascripts/bootstrap/bootstrap.min.js [33m404 [90m6ms[0m
[90mGET / [36m304 [90m8ms[0m
[90mGET /font-face.css [33m404 [90m27ms[0m
[90mGET /main.css [33m404 [90m27ms[0m
[90mGET /images/jbc_logo.png [36m304 [90m21ms[0m
  [90mLESS Parse error :[0m [36mmissing opening `{`[0m
  [90mLESS File :[0m [36m/home/detrohuttssh/jbc/public/stylesheets/main.less 104:0[0m
undefined
[90mGET /stylesheets/style.css [31m500 [90m2256ms[0m
[90mGET /javascripts/jquery/jquery.js [36m304 [90m17ms[0m
[90mGET /javascripts/bootstrap/bootstrap.min.js [32m200 [90m39ms - 27.08kb[0m
[90mGET / [32m200 [90m18ms - 5.51kb[0m
[90mGET /font-face.css [33m404 [90m2010ms[0m
[90mGET /main.css [33m404 [90m2008ms[0m
  [90mLESS Parse error :[0m [36mmissing opening `{`[0m
  [90mLESS File :[0m [36m/home/detrohuttssh/jbc/public/stylesheets/main.less 104:0[0m
undefined
[90mGET /stylesheets/style.css [31m500 [90m2685ms[0m
[90mGET /javascripts/bootstrap/bootstrap.min.js [32m200 [90m27ms - 27.08kb[0m
[90mGET /images/jbc_logo.png [32m200 [90m21ms - 13kb[0m
[90mGET /javascripts/jquery/jquery.js [32m200 [90m147ms - 266.8kb[0m
[90mGET / [32m200 [90m16ms - 5.51kb[0m
[90mGET /font-face.css [33m404 [90m1544ms[0m
[90mGET /main.css [33m404 [90m1545ms[0m
  [90mLESS Parse error :[0m [36mmissing opening `{`[0m
  [90mLESS File :[0m [36m/home/detrohuttssh/jbc/public/stylesheets/main.less 104:0[0m
undefined
[90mGET /stylesheets/style.css [31m500 [90m2449ms[0m
[90mGET /javascripts/bootstrap/bootstrap.min.js [32m200 [90m45ms - 27.08kb[0m
[90mGET /images/jbc_logo.png [32m200 [90m23ms - 13kb[0m
[90mGET /javascripts/jquery/jquery.js [32m200 [90m235ms - 266.8kb[0m
[90mGET / [36m304 [90m7ms[0m
[90mGET /font-face.css [33m404 [90m28ms[0m
[90mGET /main.css [33m404 [90m26ms[0m
[90mGET /images/jbc_logo.png [36m304 [90m17ms[0m
  [90mLESS Parse error :[0m [36mmissing opening `{`[0m
  [90mLESS File :[0m [36m/home/detrohuttssh/jbc/public/stylesheets/main.less 104:0[0m
undefined
[90mGET /stylesheets/style.css [31m500 [90m2398ms[0m
[90mGET /javascripts/jquery/jquery.js [36m304 [90m12ms[0m
[90mGET /javascripts/bootstrap/bootstrap.min.js [36m304 [90m15ms[0m
[90mGET /services.html [36m304 [90m8ms[0m
[90mGET /bootstrap/css/bootstrap.css [33m404 [90m16ms[0m
[90mGET /font-face.css [33m404 [90m16ms[0m
[90mGET /main.css [33m404 [90m17ms[0m
[90mGET /bootstrap/js/jquery.js [33m404 [90m26ms[0m
[90mGET /bootstrap/js/bootstrap.min.js [33m404 [90m26ms[0m
[90mGET /img/jbc_logo.png [33m404 [90m26ms[0m
[90mGET / [32m200 [90m13ms - 5.51kb[0m
[90mGET /font-face.css [33m404 [90m20ms[0m
[90mGET /main.css [33m404 [90m22ms[0m
  [90mLESS Parse error :[0m [36mmissing opening `{`[0m
  [90mLESS File :[0m [36m/home/detrohuttssh/jbc/public/stylesheets/main.less 104:0[0m
undefined
[90mGET /stylesheets/style.css [31m500 [90m2369ms[0m
[90mGET /javascripts/bootstrap/bootstrap.min.js [32m200 [90m66ms - 27.08kb[0m
[90mGET /images/jbc_logo.png [32m200 [90m93ms - 13kb[0m
[90mGET /javascripts/jquery/jquery.js [32m200 [90m155ms - 266.8kb[0m
[90mGET / [36m304 [90m4ms[0m
[90mGET /images/jbc_logo.png [36m304 [90m14ms[0m
[90mGET /font-face.css [33m404 [90m111ms[0m
[90mGET /main.css [33m404 [90m113ms[0m
  [90mLESS Parse error :[0m [36mmissing opening `{`[0m
  [90mLESS File :[0m [36m/home/detrohuttssh/jbc/public/stylesheets/main.less 104:0[0m
undefined
[90mGET /stylesheets/style.css [31m500 [90m2368ms[0m
[90mGET /javascripts/jquery/jquery.js [36m304 [90m11ms[0m
[90mGET /javascripts/bootstrap/bootstrap.min.js [36m304 [90m12ms[0m
[90mGET / [36m304 [90m5ms[0m
  [90mLESS Parse error :[0m [36mmissing opening `{`[0m
  [90mLESS File :[0m [36m/home/detrohuttssh/jbc/public/stylesheets/main.less 104:0[0m
undefined
[90mGET /stylesheets/style.css [31m500 [90m2254ms[0m
[90mGET /javascripts/jquery/jquery.js [36m304 [90m11ms[0m
[90mGET /javascripts/bootstrap/bootstrap.min.js [36m304 [90m11ms[0m
[90mGET /images/jbc_logo.png [36m304 [90m13ms[0m
[90mGET / [36m304 [90m8ms[0m
[90mGET /images/jbc_logo.png [36m304 [90m20ms[0m
[90mGET /font-face.css [33m404 [90m33ms[0m
[90mGET /main.css [33m404 [90m34ms[0m
[90mGET /stylesheets/style.css [32m200 [90m5671ms - 144.51kb[0m
[90mGET /javascripts/jquery/jquery.js [36m304 [90m18ms[0m
[90mGET /javascripts/bootstrap/bootstrap.min.js [36m304 [90m19ms[0m
[90mGET /fonts/fontawesome-webfont.woff?v=3.2.1 [32m200 [90m23ms - 42.55kb[0m
[90mGET / [36m304 [90m6ms[0m
[90mGET /stylesheets/style.css [32m200 [90m81ms - 144.51kb[0m
[90mGET /font-face.css [33m404 [90m20ms[0m
[90mGET /images/jbc_logo.png [36m304 [90m14ms[0m
[90mGET /main.css [33m404 [90m20ms[0m
[90mGET /javascripts/jquery/jquery.js [36m304 [90m9ms[0m
[90mGET /javascripts/bootstrap/bootstrap.min.js [36m304 [90m11ms[0m
[90mGET / [32m200 [90m11ms - 5.51kb[0m
[90mGET /font-face.css [33m404 [90m24ms[0m
[90mGET /main.css [33m404 [90m25ms[0m
[90mGET /stylesheets/style.css [32m200 [90m109ms - 144.51kb[0m
[90mGET /javascripts/bootstrap/bootstrap.min.js [32m200 [90m45ms - 27.08kb[0m
[90mGET /images/jbc_logo.png [32m200 [90m23ms - 13kb[0m
[90mGET /javascripts/jquery/jquery.js [32m200 [90m263ms - 266.8kb[0m
[90mGET / [32m200 [90m17ms - 5.47kb[0m
[90mGET /images/jbc_logo.png [36m304 [90m13ms[0m
[90mGET /font-face.css [33m404 [90m20ms[0m
  [90mLESS Parse error :[0m [36mUnrecognised input[0m
  [90mLESS File :[0m [36m/home/detrohuttssh/jbc/public/stylesheets/style.less 63:0[0m
undefined
[90mGET /stylesheets/style.css [31m500 [90m2142ms[0m
[90mGET /javascripts/jquery/jquery.js [36m304 [90m13ms[0m
[90mGET /javascripts/bootstrap/bootstrap.min.js [36m304 [90m14ms[0m
[90mGET / [32m200 [90m13ms - 5.47kb[0m
[90mGET /images/jbc_logo.png [36m304 [90m1655ms[0m
[90mGET /font-face.css [33m404 [90m1670ms[0m
  [90mLESS Parse error :[0m [36mUnrecognised input[0m
  [90mLESS File :[0m [36m/home/detrohuttssh/jbc/public/stylesheets/style.less 63:0[0m
undefined
[90mGET /stylesheets/style.css [31m500 [90m2444ms[0m
[90mGET /javascripts/jquery/jquery.js [36m304 [90m13ms[0m
[90mGET /javascripts/bootstrap/bootstrap.min.js [36m304 [90m16ms[0m
[90mGET / [32m200 [90m25ms - 5.47kb[0m
[90mGET /font-face.css [33m404 [90m2133ms[0m
  [90mLESS Parse error :[0m [36mUnrecognised input[0m
  [90mLESS File :[0m [36m/home/detrohuttssh/jbc/public/stylesheets/style.less 63:0[0m
undefined
[90mGET /stylesheets/style.css [31m500 [90m2779ms[0m
[90mGET /javascripts/bootstrap/bootstrap.min.js [32m200 [90m54ms - 27.08kb[0m
[90mGET /images/jbc_logo.png [32m200 [90m24ms - 13kb[0m
[90mGET /javascripts/jquery/jquery.js [32m200 [90m302ms - 266.8kb[0m
[90mGET / [36m304 [90m9ms[0m
[90mGET /font-face.css [33m404 [90m13ms[0m
[90mGET /images/jbc_logo.png [36m304 [90m11ms[0m
[90mGET /stylesheets/style.css [32m200 [90m5544ms - 144.97kb[0m
[90mGET /javascripts/jquery/jquery.js [36m304 [90m21ms[0m
[90mGET /javascripts/bootstrap/bootstrap.min.js [36m304 [90m21ms[0m
[90mGET /fonts/gputeks-edit-webfont.woff [32m200 [90m19ms - 22.64kb[0m
[90mGET / [32m200 [90m25ms - 5.39kb[0m
[90mGET /images/jbc_logo.png [36m304 [90m18ms[0m
[90mGET /stylesheets/style.css [32m200 [90m98ms - 144.97kb[0m
[90mGET /javascripts/jquery/jquery.js [36m304 [90m10ms[0m
[90mGET /javascripts/bootstrap/bootstrap.min.js [36m304 [90m15ms[0m
[90mGET /apple-touch-icon-precomposed.png [33m404 [90m7ms[0m
[90mGET /apple-touch-icon.png [33m404 [90m5ms[0m
[90mGET /robots.txt [33m404 [90m7ms[0m
[90mGET /index.html [32m200 [90m3925ms - 1.24kb[0m
[90mGET / [32m200 [90m54ms - 5.39kb[0m
[90mGET /stylesheets/style.css [32m200 [90m269ms - 144.97kb[0m
[90mGET /javascripts/jquery/jquery.js [36m304 [90m54ms[0m
[90mGET /javascripts/bootstrap/bootstrap.min.js [32m200 [90m84ms - 27.08kb[0m
[90mGET /images/jbc_logo.png [36m304 [90m13ms[0m
[90mGET /fonts/gputeks-edit-webfont.woff [32m200 [90m57ms - 22.64kb[0m
[90mGET /?fp=H8YdcZqqP0LQtOhTv8iKFXk%2F27dGJyQgflau8LZosz%2BQiA0lCSRpig8RaIA6rkNr%2Fpqcjn13BF%2FMRPTPDHZkFA%3D%3D&prvtof=y2Rq2awodAuoRQtffzNxfr7iBDtqOl1De5zxZo%2Bw31w%3D&poru=NP2Z3t3RwGw3FSzzRHcL8M%2B8wCvgqwc7vf3uFXmQwnof9jHyfCTM6rOHHPWDGv4%2F& [32m200 [90m23ms - 5.39kb[0m
[90mGET /services.html [36m304 [90m8ms[0m
